<?xml version="1.0" encoding="UTF-8"?>
<!-- Generated by org.testng.reporters.JUnitXMLReporter -->
<testsuite ignored="0" hostname="exactpro-nb156" failures="0" tests="5" name="Command line test" time="71.986" errors="0" timestamp="02 Apr 2023 17:38:24 GMT">
  <testcase classname="com.automationdemo.testcases.HomePageTest" name="homePageLogoTest" time="4.172"/>
  <testcase classname="com.automationdemo.testcases.LogonPageTest" name="loginPageLogoTest" time="0.027"/>
  <testcase classname="com.automationdemo.testcases.HomePageTest" name="homePageTaskLinkTest" time="6.592"/>
  <testcase classname="com.automationdemo.testcases.LogonPageTest" name="LoginTest" time="0.178"/>
  <testcase classname="com.automationdemo.testcases.LogonPageTest" name="LoginTest" time="0.168"/>
</testsuite> <!-- Command line test -->
