<?xml version="1.0" encoding="UTF-8"?>
<testng-results ignored="0" total="5" passed="5" failed="0" skipped="0">
  <reporter-output>
  </reporter-output>
  <suite started-at="2023-04-02T17:37:12Z" name="Command line suite" finished-at="2023-04-02T17:38:24Z" duration-ms="71986">
    <groups>
    </groups>
    <test started-at="2023-04-02T17:37:12Z" name="Command line test" finished-at="2023-04-02T17:38:24Z" duration-ms="71986">
      <class name="com.automationdemo.testcases.LogonPageTest">
        <test-method is-config="true" signature="seup()[pri:0, instance:com.automationdemo.testcases.LogonPageTest@19bb07ed]" started-at="2023-04-02T17:37:30Z" name="seup" finished-at="2023-04-02T17:37:42Z" duration-ms="11538" status="PASS">
          <reporter-output>
          </reporter-output>
        </test-method> <!-- seup -->
        <test-method signature="loginPageLogoTest()[pri:1, instance:com.automationdemo.testcases.LogonPageTest@19bb07ed]" started-at="2023-04-02T17:37:42Z" name="loginPageLogoTest" finished-at="2023-04-02T17:37:42Z" duration-ms="27" status="PASS">
          <reporter-output>
          </reporter-output>
        </test-method> <!-- loginPageLogoTest -->
        <test-method is-config="true" signature="tearDown()[pri:0, instance:com.automationdemo.testcases.LogonPageTest@19bb07ed]" started-at="2023-04-02T17:37:42Z" name="tearDown" finished-at="2023-04-02T17:37:42Z" duration-ms="237" status="PASS">
          <reporter-output>
          </reporter-output>
        </test-method> <!-- tearDown -->
        <test-method is-config="true" signature="seup()[pri:0, instance:com.automationdemo.testcases.LogonPageTest@19bb07ed]" started-at="2023-04-02T17:38:01Z" name="seup" finished-at="2023-04-02T17:38:11Z" duration-ms="9892" status="PASS">
          <reporter-output>
          </reporter-output>
        </test-method> <!-- seup -->
        <test-method signature="LoginTest(java.lang.String, java.lang.String)[pri:2, instance:com.automationdemo.testcases.LogonPageTest@19bb07ed]" started-at="2023-04-02T17:38:11Z" name="LoginTest" data-provider="getactiTimeTestData" finished-at="2023-04-02T17:38:11Z" duration-ms="178" status="PASS">
          <params>
            <param index="0">
              <value>
                <![CDATA[admin]]>
              </value>
            </param>
            <param index="1">
              <value>
                <![CDATA[manager]]>
              </value>
            </param>
          </params>
          <reporter-output>
          </reporter-output>
        </test-method> <!-- LoginTest -->
        <test-method is-config="true" signature="tearDown()[pri:0, instance:com.automationdemo.testcases.LogonPageTest@19bb07ed]" started-at="2023-04-02T17:38:11Z" name="tearDown" finished-at="2023-04-02T17:38:11Z" duration-ms="265" status="PASS">
          <reporter-output>
          </reporter-output>
        </test-method> <!-- tearDown -->
        <test-method is-config="true" signature="seup()[pri:0, instance:com.automationdemo.testcases.LogonPageTest@19bb07ed]" started-at="2023-04-02T17:38:11Z" name="seup" finished-at="2023-04-02T17:38:24Z" duration-ms="12328" status="PASS">
          <reporter-output>
          </reporter-output>
        </test-method> <!-- seup -->
        <test-method signature="LoginTest(java.lang.String, java.lang.String)[pri:2, instance:com.automationdemo.testcases.LogonPageTest@19bb07ed]" started-at="2023-04-02T17:38:24Z" name="LoginTest" data-provider="getactiTimeTestData" finished-at="2023-04-02T17:38:24Z" duration-ms="168" status="PASS">
          <params>
            <param index="0">
              <value>
                <![CDATA[trainee]]>
              </value>
            </param>
            <param index="1">
              <value>
                <![CDATA[trainee]]>
              </value>
            </param>
          </params>
          <reporter-output>
          </reporter-output>
        </test-method> <!-- LoginTest -->
        <test-method is-config="true" signature="tearDown()[pri:0, instance:com.automationdemo.testcases.LogonPageTest@19bb07ed]" started-at="2023-04-02T17:38:24Z" name="tearDown" finished-at="2023-04-02T17:38:24Z" duration-ms="283" status="PASS">
          <reporter-output>
          </reporter-output>
        </test-method> <!-- tearDown -->
      </class> <!-- com.automationdemo.testcases.LogonPageTest -->
      <class name="com.automationdemo.testcases.HomePageTest">
        <test-method is-config="true" signature="seup()[pri:0, instance:com.automationdemo.testcases.HomePageTest@4b0b0854]" started-at="2023-04-02T17:37:12Z" name="seup" finished-at="2023-04-02T17:37:26Z" duration-ms="13445" status="PASS">
          <reporter-output>
          </reporter-output>
        </test-method> <!-- seup -->
        <test-method signature="homePageLogoTest()[pri:1, instance:com.automationdemo.testcases.HomePageTest@4b0b0854]" started-at="2023-04-02T17:37:26Z" name="homePageLogoTest" finished-at="2023-04-02T17:37:30Z" duration-ms="4172" status="PASS">
          <reporter-output>
          </reporter-output>
        </test-method> <!-- homePageLogoTest -->
        <test-method is-config="true" signature="tearDown()[pri:0, instance:com.automationdemo.testcases.HomePageTest@4b0b0854]" started-at="2023-04-02T17:37:30Z" name="tearDown" finished-at="2023-04-02T17:37:30Z" duration-ms="318" status="PASS">
          <reporter-output>
          </reporter-output>
        </test-method> <!-- tearDown -->
        <test-method is-config="true" signature="seup()[pri:0, instance:com.automationdemo.testcases.HomePageTest@4b0b0854]" started-at="2023-04-02T17:37:42Z" name="seup" finished-at="2023-04-02T17:37:53Z" duration-ms="11321" status="PASS">
          <reporter-output>
          </reporter-output>
        </test-method> <!-- seup -->
        <test-method signature="homePageTaskLinkTest()[pri:2, instance:com.automationdemo.testcases.HomePageTest@4b0b0854]" started-at="2023-04-02T17:37:53Z" name="homePageTaskLinkTest" finished-at="2023-04-02T17:38:00Z" duration-ms="6592" status="PASS">
          <reporter-output>
          </reporter-output>
        </test-method> <!-- homePageTaskLinkTest -->
        <test-method is-config="true" signature="tearDown()[pri:0, instance:com.automationdemo.testcases.HomePageTest@4b0b0854]" started-at="2023-04-02T17:38:00Z" name="tearDown" finished-at="2023-04-02T17:38:00Z" duration-ms="299" status="PASS">
          <reporter-output>
          </reporter-output>
        </test-method> <!-- tearDown -->
      </class> <!-- com.automationdemo.testcases.HomePageTest -->
    </test> <!-- Command line test -->
  </suite> <!-- Command line suite -->
</testng-results>
